# JRE version: OpenJDK Runtime Environment (8.0_242-b01) (build 1.8.0_242-release-1644-b01)
# Java VM: OpenJDK 64-Bit Server VM (25.242-b01 mixed mode windows-amd64 compressed oops)
Heap:
 PSYoungGen      total 75264K, used 31461K [0x00000000e0000000, 0x00000000e5600000, 0x0000000100000000)
  eden space 65536K, 34% used [0x00000000e0000000,0x00000000e164d2d8,0x00000000e4000000)
  from space 9728K, 88% used [0x00000000e4a80000,0x00000000e52ec3b8,0x00000000e5400000)
  to   space 10752K, 38% used [0x00000000e4000000,0x00000000e4414040,0x00000000e4a80000)
 ParOldGen       total 87552K, used 8325K [0x00000000a0000000, 0x00000000a5580000, 0x00000000e0000000)
  object space 87552K, 9% used [0x00000000a0000000,0x00000000a0821450,0x00000000a5580000)
 Metaspace       used 20602K, capacity 21232K, committed 21296K, reserved 1067008K
  class space    used 2957K, capacity 3172K, committed 3200K, reserved 1048576K
GC Heap History (10 events):
Event: 1.788 GC heap after
Heap after GC invocations=2 (full 0):
 PSYoungGen      total 38400K, used 3329K [0x00000000e0000000, 0x00000000e2a80000, 0x0000000100000000)
  eden space 33280K, 0% used [0x00000000e0000000,0x00000000e0000000,0x00000000e2080000)
  from space 5120K, 65% used [0x00000000e2580000,0x00000000e28c05e8,0x00000000e2a80000)
  to   space 5120K, 0% used [0x00000000e2080000,0x00000000e2080000,0x00000000e2580000)
 ParOldGen       total 87552K, used 16K [0x00000000a0000000, 0x00000000a5580000, 0x00000000e0000000)
  object space 87552K, 0% used [0x00000000a0000000,0x00000000a0004000,0x00000000a5580000)
 Metaspace       used 7418K, capacity 7646K, committed 7936K, reserved 1056768K
  class space    used 898K, capacity 973K, committed 1024K, reserved 1048576K
}
Event: 2.827 GC heap before
{Heap before GC invocations=3 (full 0):
 PSYoungGen      total 38400K, used 36609K [0x00000000e0000000, 0x00000000e2a80000, 0x0000000100000000)
  eden space 33280K, 100% used [0x00000000e0000000,0x00000000e2080000,0x00000000e2080000)
  from space 5120K, 65% used [0x00000000e2580000,0x00000000e28c05e8,0x00000000e2a80000)
  to   space 5120K, 0% used [0x00000000e2080000,0x00000000e2080000,0x00000000e2580000)
 ParOldGen       total 87552K, used 16K [0x00000000a0000000, 0x00000000a5580000, 0x00000000e0000000)
  object space 87552K, 0% used [0x00000000a0000000,0x00000000a0004000,0x00000000a5580000)
 Metaspace       used 11107K, capacity 11490K, committed 11648K, reserved 1058816K
  class space    used 1451K, capacity 1573K, committed 1664K, reserved 1048576K
Event: 2.835 GC heap after
Heap after GC invocations=3 (full 0):
 PSYoungGen      total 38400K, used 5104K [0x00000000e0000000, 0x00000000e2a80000, 0x0000000100000000)
  eden space 33280K, 0% used [0x00000000e0000000,0x00000000e0000000,0x00000000e2080000)
  from space 5120K, 99% used [0x00000000e2080000,0x00000000e257c010,0x00000000e2580000)
  to   space 5120K, 0% used [0x00000000e2580000,0x00000000e2580000,0x00000000e2a80000)
 ParOldGen       total 87552K, used 697K [0x00000000a0000000, 0x00000000a5580000, 0x00000000e0000000)
  object space 87552K, 0% used [0x00000000a0000000,0x00000000a00ae620,0x00000000a5580000)
 Metaspace       used 11107K, capacity 11490K, committed 11648K, reserved 1058816K
  class space    used 1451K, capacity 1573K, committed 1664K, reserved 1048576K
}
Event: 3.353 GC heap before
{Heap before GC invocations=4 (full 0):
 PSYoungGen      total 38400K, used 38384K [0x00000000e0000000, 0x00000000e2a80000, 0x0000000100000000)
  eden space 33280K, 100% used [0x00000000e0000000,0x00000000e2080000,0x00000000e2080000)
  from space 5120K, 99% used [0x00000000e2080000,0x00000000e257c010,0x00000000e2580000)
  to   space 5120K, 0% used [0x00000000e2580000,0x00000000e2580000,0x00000000e2a80000)
 ParOldGen       total 87552K, used 697K [0x00000000a0000000, 0x00000000a5580000, 0x00000000e0000000)
  object space 87552K, 0% used [0x00000000a0000000,0x00000000a00ae620,0x00000000a5580000)
 Metaspace       used 14092K, capacity 14540K, committed 14720K, reserved 1062912K
  class space    used 1930K, capacity 2068K, committed 2176K, reserved 1048576K
Event: 3.364 GC heap after
Heap after GC invocations=4 (full 0):
 PSYoungGen      total 38400K, used 5105K [0x00000000e0000000, 0x00000000e4b00000, 0x0000000100000000)
  eden space 33280K, 0% used [0x00000000e0000000,0x00000000e0000000,0x00000000e2080000)
  from space 5120K, 99% used [0x00000000e2580000,0x00000000e2a7c568,0x00000000e2a80000)
  to   space 5120K, 0% used [0x00000000e2080000,0x00000000e2080000,0x00000000e2580000)
 ParOldGen       total 87552K, used 3077K [0x00000000a0000000, 0x00000000a5580000, 0x00000000e0000000)
  object space 87552K, 3% used [0x00000000a0000000,0x00000000a0301690,0x00000000a5580000)
 Metaspace       used 14092K, capacity 14540K, committed 14720K, reserved 1062912K
  class space    used 1930K, capacity 2068K, committed 2176K, reserved 1048576K
}
Event: 3.850 GC heap before
{Heap before GC invocations=5 (full 0):
 PSYoungGen      total 38400K, used 38385K [0x00000000e0000000, 0x00000000e4b00000, 0x0000000100000000)
  eden space 33280K, 100% used [0x00000000e0000000,0x00000000e2080000,0x00000000e2080000)
  from space 5120K, 99% used [0x00000000e2580000,0x00000000e2a7c568,0x00000000e2a80000)
  to   space 5120K, 0% used [0x00000000e2080000,0x00000000e2080000,0x00000000e2580000)
 ParOldGen       total 87552K, used 3077K [0x00000000a0000000, 0x00000000a5580000, 0x00000000e0000000)
  object space 87552K, 3% used [0x00000000a0000000,0x00000000a0301690,0x00000000a5580000)
 Metaspace       used 16568K, capacity 17174K, committed 17408K, reserved 1064960K
  class space    used 2335K, capacity 2517K, committed 2560K, reserved 1048576K
Event: 3.863 GC heap after
Heap after GC invocations=5 (full 0):
 PSYoungGen      total 38400K, used 5088K [0x00000000e0000000, 0x00000000e5400000, 0x0000000100000000)
  eden space 33280K, 0% used [0x00000000e0000000,0x00000000e0000000,0x00000000e2080000)
  from space 5120K, 99% used [0x00000000e2080000,0x00000000e2578020,0x00000000e2580000)
  to   space 9728K, 0% used [0x00000000e4a80000,0x00000000e4a80000,0x00000000e5400000)
 ParOldGen       total 87552K, used 5792K [0x00000000a0000000, 0x00000000a5580000, 0x00000000e0000000)
  object space 87552K, 6% used [0x00000000a0000000,0x00000000a05a83f0,0x00000000a5580000)
 Metaspace       used 16568K, capacity 17174K, committed 17408K, reserved 1064960K
  class space    used 2335K, capacity 2517K, committed 2560K, reserved 1048576K
}
Event: 4.444 GC heap before
{Heap before GC invocations=6 (full 0):
 PSYoungGen      total 38400K, used 38368K [0x00000000e0000000, 0x00000000e5400000, 0x0000000100000000)
  eden space 33280K, 100% used [0x00000000e0000000,0x00000000e2080000,0x00000000e2080000)
  from space 5120K, 99% used [0x00000000e2080000,0x00000000e2578020,0x00000000e2580000)
  to   space 9728K, 0% used [0x00000000e4a80000,0x00000000e4a80000,0x00000000e5400000)
 ParOldGen       total 87552K, used 5792K [0x00000000a0000000, 0x00000000a5580000, 0x00000000e0000000)
  object space 87552K, 6% used [0x00000000a0000000,0x00000000a05a83f0,0x00000000a5580000)
 Metaspace       used 19256K, capacity 19824K, committed 20096K, reserved 1067008K
  class space    used 2731K, capacity 2900K, committed 2944K, reserved 1048576K
Event: 4.470 GC heap after
Heap after GC invocations=6 (full 0):
 PSYoungGen      total 75264K, used 8624K [0x00000000e0000000, 0x00000000e5600000, 0x0000000100000000)
  eden space 65536K, 0% used [0x00000000e0000000,0x00000000e0000000,0x00000000e4000000)
  from space 9728K, 88% used [0x00000000e4a80000,0x00000000e52ec3b8,0x00000000e5400000)
  to   space 10752K, 0% used [0x00000000e4000000,0x00000000e4000000,0x00000000e4a80000)
 ParOldGen       total 87552K, used 5800K [0x00000000a0000000, 0x00000000a5580000, 0x00000000e0000000)
  object space 87552K, 6% used [0x00000000a0000000,0x00000000a05aa3f0,0x00000000a5580000)
 Metaspace       used 19256K, capacity 19824K, committed 20096K, reserved 1067008K
  class space    used 2731K, capacity 2900K, committed 2944K, reserved 1048576K
}
Event: 4.788 GC heap before
{Heap before GC invocations=7 (full 0):
 PSYoungGen      total 75264K, used 31461K [0x00000000e0000000, 0x00000000e5600000, 0x0000000100000000)
  eden space 65536K, 34% used [0x00000000e0000000,0x00000000e164d2d8,0x00000000e4000000)
  from space 9728K, 88% used [0x00000000e4a80000,0x00000000e52ec3b8,0x00000000e5400000)
  to   space 10752K, 0% used [0x00000000e4000000,0x00000000e4000000,0x00000000e4a80000)
 ParOldGen       total 87552K, used 5800K [0x00000000a0000000, 0x00000000a5580000, 0x00000000e0000000)
  object space 87552K, 6% used [0x00000000a0000000,0x00000000a05aa3f0,0x00000000a5580000)
 Metaspace       used 20602K, capacity 21232K, committed 21296K, reserved 1067008K
  class space    used 2957K, capacity 3172K, committed 3200K, reserved 1048576K

