# JRE version: OpenJDK Runtime Environment (8.0_242-b01) (build 1.8.0_242-release-1644-b01)
# Java VM: OpenJDK 64-Bit Server VM (25.242-b01 mixed mode windows-amd64 compressed oops)
Heap:
 PSYoungGen      total 272384K, used 270572K [0x00000000e0000000, 0x00000000f3480000, 0x0000000100000000)
  eden space 240640K, 100% used [0x00000000e0000000,0x00000000eeb00000,0x00000000eeb00000)
  from space 31744K, 94% used [0x00000000f0e00000,0x00000000f2b3b160,0x00000000f2d00000)
  to   space 35840K, 65% used [0x00000000eeb00000,0x00000000f01ec8e0,0x00000000f0e00000)
 ParOldGen       total 137728K, used 68955K [0x00000000a0000000, 0x00000000a8680000, 0x00000000e0000000)
  object space 137728K, 50% used [0x00000000a0000000,0x00000000a4356e98,0x00000000a8680000)
 Metaspace       used 85431K, capacity 92918K, committed 93144K, reserved 1130496K
  class space    used 11404K, capacity 12782K, committed 12800K, reserved 1048576K
GC Heap History (10 events):
Event: 17.200 GC heap after
Heap after GC invocations=15 (full 3):
 PSYoungGen      total 203264K, used 0K [0x00000000e0000000, 0x00000000ee400000, 0x0000000100000000)
  eden space 186368K, 0% used [0x00000000e0000000,0x00000000e0000000,0x00000000eb600000)
  from space 16896K, 0% used [0x00000000eca80000,0x00000000eca80000,0x00000000edb00000)
  to   space 20992K, 0% used [0x00000000eb600000,0x00000000eb600000,0x00000000eca80000)
 ParOldGen       total 137728K, used 35857K [0x00000000a0000000, 0x00000000a8680000, 0x00000000e0000000)
  object space 137728K, 26% used [0x00000000a0000000,0x00000000a23047b8,0x00000000a8680000)
 Metaspace       used 56486K, capacity 58914K, committed 59096K, reserved 1099776K
  class space    used 7662K, capacity 8153K, committed 8192K, reserved 1048576K
}
Event: 21.375 GC heap before
{Heap before GC invocations=16 (full 3):
 PSYoungGen      total 203264K, used 186368K [0x00000000e0000000, 0x00000000ee400000, 0x0000000100000000)
  eden space 186368K, 100% used [0x00000000e0000000,0x00000000eb600000,0x00000000eb600000)
  from space 16896K, 0% used [0x00000000eca80000,0x00000000eca80000,0x00000000edb00000)
  to   space 20992K, 0% used [0x00000000eb600000,0x00000000eb600000,0x00000000eca80000)
 ParOldGen       total 137728K, used 35857K [0x00000000a0000000, 0x00000000a8680000, 0x00000000e0000000)
  object space 137728K, 26% used [0x00000000a0000000,0x00000000a23047b8,0x00000000a8680000)
 Metaspace       used 62318K, capacity 65556K, committed 65880K, reserved 1105920K
  class space    used 8570K, capacity 9269K, committed 9344K, reserved 1048576K
Event: 21.401 GC heap after
Heap after GC invocations=16 (full 3):
 PSYoungGen      total 207360K, used 16823K [0x00000000e0000000, 0x00000000f0200000, 0x0000000100000000)
  eden space 186368K, 0% used [0x00000000e0000000,0x00000000e0000000,0x00000000eb600000)
  from space 20992K, 80% used [0x00000000eb600000,0x00000000ec66dfc0,0x00000000eca80000)
  to   space 22528K, 0% used [0x00000000eec00000,0x00000000eec00000,0x00000000f0200000)
 ParOldGen       total 137728K, used 35865K [0x00000000a0000000, 0x00000000a8680000, 0x00000000e0000000)
  object space 137728K, 26% used [0x00000000a0000000,0x00000000a23067b8,0x00000000a8680000)
 Metaspace       used 62318K, capacity 65556K, committed 65880K, reserved 1105920K
  class space    used 8570K, capacity 9269K, committed 9344K, reserved 1048576K
}
Event: 25.387 GC heap before
{Heap before GC invocations=17 (full 3):
 PSYoungGen      total 207360K, used 203191K [0x00000000e0000000, 0x00000000f0200000, 0x0000000100000000)
  eden space 186368K, 100% used [0x00000000e0000000,0x00000000eb600000,0x00000000eb600000)
  from space 20992K, 80% used [0x00000000eb600000,0x00000000ec66dfc0,0x00000000eca80000)
  to   space 22528K, 0% used [0x00000000eec00000,0x00000000eec00000,0x00000000f0200000)
 ParOldGen       total 137728K, used 35865K [0x00000000a0000000, 0x00000000a8680000, 0x00000000e0000000)
  object space 137728K, 26% used [0x00000000a0000000,0x00000000a23067b8,0x00000000a8680000)
 Metaspace       used 67407K, capacity 72228K, committed 72408K, reserved 1112064K
  class space    used 9288K, capacity 10236K, committed 10240K, reserved 1048576K
Event: 25.456 GC heap after
Heap after GC invocations=17 (full 3):
 PSYoungGen      total 234496K, used 22496K [0x00000000e0000000, 0x00000000f1180000, 0x0000000100000000)
  eden space 211968K, 0% used [0x00000000e0000000,0x00000000e0000000,0x00000000ecf00000)
  from space 22528K, 99% used [0x00000000eec00000,0x00000000f01f8010,0x00000000f0200000)
  to   space 29696K, 0% used [0x00000000ecf00000,0x00000000ecf00000,0x00000000eec00000)
 ParOldGen       total 137728K, used 46726K [0x00000000a0000000, 0x00000000a8680000, 0x00000000e0000000)
  object space 137728K, 33% used [0x00000000a0000000,0x00000000a2da1990,0x00000000a8680000)
 Metaspace       used 67407K, capacity 72228K, committed 72408K, reserved 1112064K
  class space    used 9288K, capacity 10236K, committed 10240K, reserved 1048576K
}
Event: 58.139 GC heap before
{Heap before GC invocations=18 (full 3):
 PSYoungGen      total 234496K, used 234464K [0x00000000e0000000, 0x00000000f1180000, 0x0000000100000000)
  eden space 211968K, 100% used [0x00000000e0000000,0x00000000ecf00000,0x00000000ecf00000)
  from space 22528K, 99% used [0x00000000eec00000,0x00000000f01f8010,0x00000000f0200000)
  to   space 29696K, 0% used [0x00000000ecf00000,0x00000000ecf00000,0x00000000eec00000)
 ParOldGen       total 137728K, used 46726K [0x00000000a0000000, 0x00000000a8680000, 0x00000000e0000000)
  object space 137728K, 33% used [0x00000000a0000000,0x00000000a2da1990,0x00000000a8680000)
 Metaspace       used 74277K, capacity 80256K, committed 80472K, reserved 1118208K
  class space    used 10232K, capacity 11377K, committed 11392K, reserved 1048576K
Event: 58.206 GC heap after
Heap after GC invocations=18 (full 3):
 PSYoungGen      total 241664K, used 22259K [0x00000000e0000000, 0x00000000f2d00000, 0x0000000100000000)
  eden space 211968K, 0% used [0x00000000e0000000,0x00000000e0000000,0x00000000ecf00000)
  from space 29696K, 74% used [0x00000000ecf00000,0x00000000ee4bcc68,0x00000000eec00000)
  to   space 31744K, 0% used [0x00000000f0e00000,0x00000000f0e00000,0x00000000f2d00000)
 ParOldGen       total 137728K, used 68947K [0x00000000a0000000, 0x00000000a8680000, 0x00000000e0000000)
  object space 137728K, 50% used [0x00000000a0000000,0x00000000a4354e98,0x00000000a8680000)
 Metaspace       used 74277K, capacity 80256K, committed 80472K, reserved 1118208K
  class space    used 10232K, capacity 11377K, committed 11392K, reserved 1048576K
}
Event: 63.131 GC heap before
{Heap before GC invocations=19 (full 3):
 PSYoungGen      total 241664K, used 234227K [0x00000000e0000000, 0x00000000f2d00000, 0x0000000100000000)
  eden space 211968K, 100% used [0x00000000e0000000,0x00000000ecf00000,0x00000000ecf00000)
  from space 29696K, 74% used [0x00000000ecf00000,0x00000000ee4bcc68,0x00000000eec00000)
  to   space 31744K, 0% used [0x00000000f0e00000,0x00000000f0e00000,0x00000000f2d00000)
 ParOldGen       total 137728K, used 68947K [0x00000000a0000000, 0x00000000a8680000, 0x00000000e0000000)
  object space 137728K, 50% used [0x00000000a0000000,0x00000000a4354e98,0x00000000a8680000)
 Metaspace       used 80286K, capacity 86524K, committed 86872K, reserved 1124352K
  class space    used 10923K, capacity 12077K, committed 12160K, reserved 1048576K
Event: 63.180 GC heap after
Heap after GC invocations=19 (full 3):
 PSYoungGen      total 272384K, used 29932K [0x00000000e0000000, 0x00000000f3480000, 0x0000000100000000)
  eden space 240640K, 0% used [0x00000000e0000000,0x00000000e0000000,0x00000000eeb00000)
  from space 31744K, 94% used [0x00000000f0e00000,0x00000000f2b3b160,0x00000000f2d00000)
  to   space 35840K, 0% used [0x00000000eeb00000,0x00000000eeb00000,0x00000000f0e00000)
 ParOldGen       total 137728K, used 68955K [0x00000000a0000000, 0x00000000a8680000, 0x00000000e0000000)
  object space 137728K, 50% used [0x00000000a0000000,0x00000000a4356e98,0x00000000a8680000)
 Metaspace       used 80286K, capacity 86524K, committed 86872K, reserved 1124352K
  class space    used 10923K, capacity 12077K, committed 12160K, reserved 1048576K
}
Event: 110.787 GC heap before
{Heap before GC invocations=20 (full 3):
 PSYoungGen      total 272384K, used 270572K [0x00000000e0000000, 0x00000000f3480000, 0x0000000100000000)
  eden space 240640K, 100% used [0x00000000e0000000,0x00000000eeb00000,0x00000000eeb00000)
  from space 31744K, 94% used [0x00000000f0e00000,0x00000000f2b3b160,0x00000000f2d00000)
  to   space 35840K, 0% used [0x00000000eeb00000,0x00000000eeb00000,0x00000000f0e00000)
 ParOldGen       total 137728K, used 68955K [0x00000000a0000000, 0x00000000a8680000, 0x00000000e0000000)
  object space 137728K, 50% used [0x00000000a0000000,0x00000000a4356e98,0x00000000a8680000)
 Metaspace       used 85431K, capacity 92918K, committed 93144K, reserved 1130496K
  class space    used 11404K, capacity 12782K, committed 12800K, reserved 1048576K

