# JRE version: OpenJDK Runtime Environment (8.0_242-b01) (build 1.8.0_242-release-1644-b01)
# Java VM: OpenJDK 64-Bit Server VM (25.242-b01 mixed mode windows-amd64 compressed oops)
Heap:
 PSYoungGen      total 443904K, used 48616K [0x00000000e0000000, 0x0000000100000000, 0x0000000100000000)
  eden space 395264K, 0% used [0x00000000e0000000,0x00000000e0000000,0x00000000f8200000)
  from space 48640K, 99% used [0x00000000fd080000,0x00000000ffffa080,0x0000000100000000)
  to   space 64512K, 0% used [0x00000000f8200000,0x00000000f8200000,0x00000000fc100000)
 ParOldGen       total 276992K, used 245889K [0x00000000a0000000, 0x00000000b0e80000, 0x00000000e0000000)
  object space 276992K, 88% used [0x00000000a0000000,0x00000000af020700,0x00000000b0e80000)
 Metaspace       used 133509K, capacity 143416K, committed 143488K, reserved 1173504K
  class space    used 17966K, capacity 19833K, committed 19840K, reserved 1048576K
GC Heap History (10 events):
Event: 118.350 GC heap after
Heap after GC invocations=24 (full 4):
 PSYoungGen      total 389120K, used 27653K [0x00000000e0000000, 0x00000000fa900000, 0x0000000100000000)
  eden space 349184K, 0% used [0x00000000e0000000,0x00000000e0000000,0x00000000f5500000)
  from space 39936K, 69% used [0x00000000f7d80000,0x00000000f98814e0,0x00000000fa480000)
  to   space 41472K, 0% used [0x00000000f5500000,0x00000000f5500000,0x00000000f7d80000)
 ParOldGen       total 276992K, used 128831K [0x00000000a0000000, 0x00000000b0e80000, 0x00000000e0000000)
  object space 276992K, 46% used [0x00000000a0000000,0x00000000a7dcfc40,0x00000000b0e80000)
 Metaspace       used 105395K, capacity 112076K, committed 112384K, reserved 1146880K
  class space    used 14256K, capacity 15583K, committed 15616K, reserved 1048576K
}
Event: 127.309 GC heap before
{Heap before GC invocations=25 (full 4):
 PSYoungGen      total 389120K, used 370764K [0x00000000e0000000, 0x00000000fa900000, 0x0000000100000000)
  eden space 349184K, 98% used [0x00000000e0000000,0x00000000f4f11d20,0x00000000f5500000)
  from space 39936K, 69% used [0x00000000f7d80000,0x00000000f98814e0,0x00000000fa480000)
  to   space 41472K, 0% used [0x00000000f5500000,0x00000000f5500000,0x00000000f7d80000)
 ParOldGen       total 276992K, used 128831K [0x00000000a0000000, 0x00000000b0e80000, 0x00000000e0000000)
  object space 276992K, 46% used [0x00000000a0000000,0x00000000a7dcfc40,0x00000000b0e80000)
 Metaspace       used 107547K, capacity 114418K, committed 114688K, reserved 1148928K
  class space    used 14490K, capacity 15850K, committed 15872K, reserved 1048576K
Event: 127.329 GC heap after
Heap after GC invocations=25 (full 4):
 PSYoungGen      total 390656K, used 13496K [0x00000000e0000000, 0x00000000fde00000, 0x0000000100000000)
  eden space 349184K, 0% used [0x00000000e0000000,0x00000000e0000000,0x00000000f5500000)
  from space 41472K, 32% used [0x00000000f5500000,0x00000000f622e0e8,0x00000000f7d80000)
  to   space 39936K, 0% used [0x00000000fb700000,0x00000000fb700000,0x00000000fde00000)
 ParOldGen       total 276992K, used 128839K [0x00000000a0000000, 0x00000000b0e80000, 0x00000000e0000000)
  object space 276992K, 46% used [0x00000000a0000000,0x00000000a7dd1c40,0x00000000b0e80000)
 Metaspace       used 107547K, capacity 114418K, committed 114688K, reserved 1148928K
  class space    used 14490K, capacity 15850K, committed 15872K, reserved 1048576K
}
Event: 131.360 GC heap before
{Heap before GC invocations=26 (full 4):
 PSYoungGen      total 390656K, used 362680K [0x00000000e0000000, 0x00000000fde00000, 0x0000000100000000)
  eden space 349184K, 100% used [0x00000000e0000000,0x00000000f5500000,0x00000000f5500000)
  from space 41472K, 32% used [0x00000000f5500000,0x00000000f622e0e8,0x00000000f7d80000)
  to   space 39936K, 0% used [0x00000000fb700000,0x00000000fb700000,0x00000000fde00000)
 ParOldGen       total 276992K, used 128839K [0x00000000a0000000, 0x00000000b0e80000, 0x00000000e0000000)
  object space 276992K, 46% used [0x00000000a0000000,0x00000000a7dd1c40,0x00000000b0e80000)
 Metaspace       used 108042K, capacity 114924K, committed 115072K, reserved 1148928K
  class space    used 14562K, capacity 15929K, committed 16000K, reserved 1048576K
Event: 131.447 GC heap after
Heap after GC invocations=26 (full 4):
 PSYoungGen      total 449536K, used 23384K [0x00000000e0000000, 0x00000000fe080000, 0x0000000100000000)
  eden space 409600K, 0% used [0x00000000e0000000,0x00000000e0000000,0x00000000f9000000)
  from space 39936K, 58% used [0x00000000fb700000,0x00000000fcdd6080,0x00000000fde00000)
  to   space 39936K, 0% used [0x00000000f9000000,0x00000000f9000000,0x00000000fb700000)
 ParOldGen       total 276992K, used 215262K [0x00000000a0000000, 0x00000000b0e80000, 0x00000000e0000000)
  object space 276992K, 77% used [0x00000000a0000000,0x00000000ad2379d8,0x00000000b0e80000)
 Metaspace       used 108042K, capacity 114924K, committed 115072K, reserved 1148928K
  class space    used 14562K, capacity 15929K, committed 16000K, reserved 1048576K
}
Event: 154.832 GC heap before
{Heap before GC invocations=27 (full 4):
 PSYoungGen      total 449536K, used 432984K [0x00000000e0000000, 0x00000000fe080000, 0x0000000100000000)
  eden space 409600K, 100% used [0x00000000e0000000,0x00000000f9000000,0x00000000f9000000)
  from space 39936K, 58% used [0x00000000fb700000,0x00000000fcdd6080,0x00000000fde00000)
  to   space 39936K, 0% used [0x00000000f9000000,0x00000000f9000000,0x00000000fb700000)
 ParOldGen       total 276992K, used 215262K [0x00000000a0000000, 0x00000000b0e80000, 0x00000000e0000000)
  object space 276992K, 77% used [0x00000000a0000000,0x00000000ad2379d8,0x00000000b0e80000)
 Metaspace       used 127089K, capacity 135668K, committed 135808K, reserved 1167360K
  class space    used 17048K, capacity 18713K, committed 18816K, reserved 1048576K
Event: 154.907 GC heap after
Heap after GC invocations=27 (full 4):
 PSYoungGen      total 449536K, used 39907K [0x00000000e0000000, 0x0000000100000000, 0x0000000100000000)
  eden space 409600K, 0% used [0x00000000e0000000,0x00000000e0000000,0x00000000f9000000)
  from space 39936K, 99% used [0x00000000f9000000,0x00000000fb6f8cc8,0x00000000fb700000)
  to   space 48640K, 0% used [0x00000000fd080000,0x00000000fd080000,0x0000000100000000)
 ParOldGen       total 276992K, used 223259K [0x00000000a0000000, 0x00000000b0e80000, 0x00000000e0000000)
  object space 276992K, 80% used [0x00000000a0000000,0x00000000ada06c78,0x00000000b0e80000)
 Metaspace       used 127089K, capacity 135668K, committed 135808K, reserved 1167360K
  class space    used 17048K, capacity 18713K, committed 18816K, reserved 1048576K
}
Event: 165.505 GC heap before
{Heap before GC invocations=28 (full 4):
 PSYoungGen      total 449536K, used 449507K [0x00000000e0000000, 0x0000000100000000, 0x0000000100000000)
  eden space 409600K, 100% used [0x00000000e0000000,0x00000000f9000000,0x00000000f9000000)
  from space 39936K, 99% used [0x00000000f9000000,0x00000000fb6f8cc8,0x00000000fb700000)
  to   space 48640K, 0% used [0x00000000fd080000,0x00000000fd080000,0x0000000100000000)
 ParOldGen       total 276992K, used 223259K [0x00000000a0000000, 0x00000000b0e80000, 0x00000000e0000000)
  object space 276992K, 80% used [0x00000000a0000000,0x00000000ada06c78,0x00000000b0e80000)
 Metaspace       used 133509K, capacity 143416K, committed 143488K, reserved 1173504K
  class space    used 17966K, capacity 19833K, committed 19840K, reserved 1048576K
Event: 165.698 GC heap after
Heap after GC invocations=28 (full 4):
 PSYoungGen      total 443904K, used 48616K [0x00000000e0000000, 0x0000000100000000, 0x0000000100000000)
  eden space 395264K, 0% used [0x00000000e0000000,0x00000000e0000000,0x00000000f8200000)
  from space 48640K, 99% used [0x00000000fd080000,0x00000000ffffa080,0x0000000100000000)
  to   space 64512K, 0% used [0x00000000f8200000,0x00000000f8200000,0x00000000fc100000)
 ParOldGen       total 276992K, used 245889K [0x00000000a0000000, 0x00000000b0e80000, 0x00000000e0000000)
  object space 276992K, 88% used [0x00000000a0000000,0x00000000af020700,0x00000000b0e80000)
 Metaspace       used 133509K, capacity 143416K, committed 143488K, reserved 1173504K
  class space    used 17966K, capacity 19833K, committed 19840K, reserved 1048576K
}
Event: 165.698 GC heap before
{Heap before GC invocations=29 (full 5):
 PSYoungGen      total 443904K, used 48616K [0x00000000e0000000, 0x0000000100000000, 0x0000000100000000)
  eden space 395264K, 0% used [0x00000000e0000000,0x00000000e0000000,0x00000000f8200000)
  from space 48640K, 99% used [0x00000000fd080000,0x00000000ffffa080,0x0000000100000000)
  to   space 64512K, 0% used [0x00000000f8200000,0x00000000f8200000,0x00000000fc100000)
 ParOldGen       total 276992K, used 245889K [0x00000000a0000000, 0x00000000b0e80000, 0x00000000e0000000)
  object space 276992K, 88% used [0x00000000a0000000,0x00000000af020700,0x00000000b0e80000)
 Metaspace       used 133509K, capacity 143416K, committed 143488K, reserved 1173504K
  class space    used 17966K, capacity 19833K, committed 19840K, reserved 1048576K

